<?xml version="1.0" encoding="UTF-8"?>
<!-- Generated by org.testng.reporters.JUnitReportReporter -->
<testsuite skipped="0" hostname="lenovo" name="seleniumConcepts.HighlightAnElement" tests="1" failures="0" timestamp="28 Jul 2019 18:55:15 GMT" time="38.827" errors="0">
  <testcase name="ElementHighlighing" time="38.827" classname="seleniumConcepts.HighlightAnElement"/>
</testsuite> <!-- seleniumConcepts.HighlightAnElement -->
